<?xml version="1.0" encoding="UTF-8"?>
<testsuite name="RestApiApplicationTests" tests="5" skipped="0" failures="0" errors="0" timestamp="2022-05-07T22:15:07" hostname="MODESTO" time="0.452">
  <properties/>
  <testcase name="checkModAccess()" classname="RestApiApplicationTests" time="0.325"/>
  <testcase name="getAllUsers()" classname="RestApiApplicationTests" time="0.069"/>
  <testcase name="checkAllAccess()" classname="RestApiApplicationTests" time="0.014"/>
  <testcase name="contextLoads()" classname="RestApiApplicationTests" time="0.024"/>
  <testcase name="checkAdminAccess()" classname="RestApiApplicationTests" time="0.01"/>
  <system-out><![CDATA[01:14:56.143 [Test worker] DEBUG org.springframework.test.context.BootstrapUtils - Instantiating CacheAwareContextLoaderDelegate from class [org.springframework.test.context.cache.DefaultCacheAwareContextLoaderDelegate]
01:14:56.161 [Test worker] DEBUG org.springframework.test.context.BootstrapUtils - Instantiating BootstrapContext using constructor [public org.springframework.test.context.support.DefaultBootstrapContext(java.lang.Class,org.springframework.test.context.CacheAwareContextLoaderDelegate)]
01:14:56.217 [Test worker] DEBUG org.springframework.test.context.BootstrapUtils - Instantiating TestContextBootstrapper for test class [RestApiApplicationTests] from class [org.springframework.boot.test.context.SpringBootTestContextBootstrapper]
01:14:56.237 [Test worker] INFO org.springframework.boot.test.context.SpringBootTestContextBootstrapper - Neither @ContextConfiguration nor @ContextHierarchy found for test class [RestApiApplicationTests], using SpringBootContextLoader
01:14:56.244 [Test worker] DEBUG org.springframework.test.context.support.AbstractContextLoader - Did not detect default resource location for test class [RestApiApplicationTests]: class path resource [RestApiApplicationTests-context.xml] does not exist
01:14:56.244 [Test worker] DEBUG org.springframework.test.context.support.AbstractContextLoader - Did not detect default resource location for test class [RestApiApplicationTests]: class path resource [RestApiApplicationTestsContext.groovy] does not exist
01:14:56.245 [Test worker] INFO org.springframework.test.context.support.AbstractContextLoader - Could not detect default resource locations for test class [RestApiApplicationTests]: no resource found for suffixes {-context.xml, Context.groovy}.
01:14:56.328 [Test worker] DEBUG org.springframework.test.context.support.ActiveProfilesUtils - Could not find an 'annotation declaring class' for annotation type [org.springframework.test.context.ActiveProfiles] and class [RestApiApplicationTests]
01:14:56.518 [Test worker] DEBUG org.springframework.boot.test.context.SpringBootTestContextBootstrapper - @TestExecutionListeners is not present for class [RestApiApplicationTests]: using defaults.
01:14:56.519 [Test worker] INFO org.springframework.boot.test.context.SpringBootTestContextBootstrapper - Loaded default TestExecutionListener class names from location [META-INF/spring.factories]: [org.springframework.boot.test.autoconfigure.restdocs.RestDocsTestExecutionListener, org.springframework.boot.test.autoconfigure.web.client.MockRestServiceServerResetTestExecutionListener, org.springframework.boot.test.autoconfigure.web.servlet.MockMvcPrintOnlyOnFailureTestExecutionListener, org.springframework.boot.test.autoconfigure.web.servlet.WebDriverTestExecutionListener, org.springframework.boot.test.autoconfigure.webservices.client.MockWebServiceServerTestExecutionListener, org.springframework.boot.test.mock.mockito.MockitoTestExecutionListener, org.springframework.boot.test.mock.mockito.ResetMocksTestExecutionListener, org.springframework.test.context.web.ServletTestExecutionListener, org.springframework.test.context.support.DirtiesContextBeforeModesTestExecutionListener, org.springframework.test.context.event.ApplicationEventsTestExecutionListener, org.springframework.test.context.support.DependencyInjectionTestExecutionListener, org.springframework.test.context.support.DirtiesContextTestExecutionListener, org.springframework.test.context.transaction.TransactionalTestExecutionListener, org.springframework.test.context.jdbc.SqlScriptsTestExecutionListener, org.springframework.test.context.event.EventPublishingTestExecutionListener]
01:14:56.546 [Test worker] INFO org.springframework.boot.test.context.SpringBootTestContextBootstrapper - Using TestExecutionListeners: [org.springframework.test.context.web.ServletTestExecutionListener@162be91c, org.springframework.test.context.support.DirtiesContextBeforeModesTestExecutionListener@2488b073, org.springframework.test.context.event.ApplicationEventsTestExecutionListener@1c9f0a20, org.springframework.boot.test.mock.mockito.MockitoTestExecutionListener@55787112, org.springframework.boot.test.autoconfigure.SpringBootDependencyInjectionTestExecutionListener@1cd201a8, org.springframework.test.context.support.DirtiesContextTestExecutionListener@7db82169, org.springframework.test.context.transaction.TransactionalTestExecutionListener@1992eaf4, org.springframework.test.context.jdbc.SqlScriptsTestExecutionListener@f74e835, org.springframework.test.context.event.EventPublishingTestExecutionListener@3276732, org.springframework.boot.test.autoconfigure.restdocs.RestDocsTestExecutionListener@3f28bd56, org.springframework.boot.test.autoconfigure.web.client.MockRestServiceServerResetTestExecutionListener@31e3250d, org.springframework.boot.test.autoconfigure.web.servlet.MockMvcPrintOnlyOnFailureTestExecutionListener@19fe4644, org.springframework.boot.test.autoconfigure.web.servlet.WebDriverTestExecutionListener@21d8bcbe, org.springframework.boot.test.autoconfigure.webservices.client.MockWebServiceServerTestExecutionListener@5be067de, org.springframework.boot.test.mock.mockito.ResetMocksTestExecutionListener@7383eae2]
01:14:56.557 [Test worker] DEBUG org.springframework.test.context.support.AbstractDirtiesContextTestExecutionListener - Before test class: context [DefaultTestContext@acb0951 testClass = RestApiApplicationTests, testInstance = [null], testMethod = [null], testException = [null], mergedContextConfiguration = [WebMergedContextConfiguration@5bf22f18 testClass = RestApiApplicationTests, locations = '{}', classes = '{class me.m0dii.RestApiApplication}', contextInitializerClasses = '[]', activeProfiles = '{}', propertySourceLocations = '{}', propertySourceProperties = '{org.springframework.boot.test.context.SpringBootTestContextBootstrapper=true}', contextCustomizers = set[org.springframework.boot.test.autoconfigure.actuate.metrics.MetricsExportContextCustomizerFactory$DisableMetricExportContextCustomizer@e19bb76, org.springframework.boot.test.autoconfigure.properties.PropertyMappingContextCustomizer@4b3fa0b3, org.springframework.boot.test.autoconfigure.web.servlet.WebDriverContextCustomizerFactory$Customizer@22bac7bc, [ImportsContextCustomizer@267f474e key = [@org.springframework.boot.test.context.SpringBootTest(args={}, webEnvironment=MOCK, value={}, properties={}, classes={me.m0dii.RestApiApplication.class}), @org.springframework.boot.context.properties.EnableConfigurationProperties({}), @org.springframework.test.context.BootstrapWith(org.springframework.boot.test.context.SpringBootTestContextBootstrapper.class), @org.springframework.boot.autoconfigure.ImportAutoConfiguration(value={}, exclude={}, classes={}), @org.springframework.context.annotation.Import({org.springframework.boot.autoconfigure.ImportAutoConfigurationImportSelector.class}), @org.springframework.context.annotation.Import({org.springframework.boot.context.properties.EnableConfigurationPropertiesRegistrar.class}), @org.springframework.boot.test.autoconfigure.web.servlet.AutoConfigureMockMvc(webDriverEnabled=true, print=DEFAULT, webClientEnabled=true, addFilters=true, printOnlyOnFailure=true), @org.springframework.boot.test.autoconfigure.properties.PropertyMapping(value="spring.test.mockmvc", skip=NO)]], org.springframework.boot.test.context.filter.ExcludeFilterContextCustomizer@3d2ee678, org.springframework.boot.test.json.DuplicateJsonObjectContextCustomizerFactory$DuplicateJsonObjectContextCustomizer@2d6764b2, org.springframework.boot.test.mock.mockito.MockitoContextCustomizer@0, org.springframework.boot.test.web.client.TestRestTemplateContextCustomizer@6b8d96d9, org.springframework.boot.test.context.SpringBootTestArgs@1, org.springframework.boot.test.context.SpringBootTestWebEnvironment@505fc5a4], resourceBasePath = 'src/main/webapp', contextLoader = 'org.springframework.boot.test.context.SpringBootContextLoader', parent = [null]], attributes = map['org.springframework.test.context.web.ServletTestExecutionListener.activateListener' -> true]], class annotated with @DirtiesContext [false] with mode [null].

  .   ____          _            __ _ _
 /\\ / ___'_ __ _ _(_)_ __  __ _ \ \ \ \
( ( )\___ | '_ | '_| | '_ \/ _` | \ \ \ \
 \\/  ___)| |_)| | | | | || (_| |  ) ) ) )
  '  |____| .__|_| |_|_| |_\__, | / / / /
 =========|_|==============|___/=/_/_/_/
 :: Spring Boot ::                (v2.6.7)

2022-05-08 01:14:57.030  INFO 12424 --- [    Test worker] RestApiApplicationTests                  : Starting RestApiApplicationTests using Java 17.0.1 on Modesto with PID 12424 (started by Modes in F:\Idea Projects\JavaRestAPI)
2022-05-08 01:14:57.033  INFO 12424 --- [    Test worker] RestApiApplicationTests                  : No active profile set, falling back to 1 default profile: "default"
2022-05-08 01:14:58.653  INFO 12424 --- [    Test worker] .s.d.r.c.RepositoryConfigurationDelegate : Bootstrapping Spring Data JPA repositories in DEFAULT mode.
2022-05-08 01:14:58.741  INFO 12424 --- [    Test worker] .s.d.r.c.RepositoryConfigurationDelegate : Finished Spring Data repository scanning in 74 ms. Found 3 JPA repository interfaces.
2022-05-08 01:14:59.924  INFO 12424 --- [    Test worker] com.zaxxer.hikari.HikariDataSource       : HikariPool-1 - Starting...
2022-05-08 01:15:00.249  INFO 12424 --- [    Test worker] com.zaxxer.hikari.HikariDataSource       : HikariPool-1 - Start completed.
2022-05-08 01:15:00.411  INFO 12424 --- [    Test worker] o.hibernate.jpa.internal.util.LogHelper  : HHH000204: Processing PersistenceUnitInfo [name: default]
2022-05-08 01:15:00.526  INFO 12424 --- [    Test worker] org.hibernate.Version                    : HHH000412: Hibernate ORM core version 5.6.8.Final
2022-05-08 01:15:00.819  INFO 12424 --- [    Test worker] o.hibernate.annotations.common.Version   : HCANN000001: Hibernate Commons Annotations {5.1.2.Final}
2022-05-08 01:15:01.061  INFO 12424 --- [    Test worker] org.hibernate.dialect.Dialect            : HHH000400: Using dialect: org.hibernate.dialect.H2Dialect
2022-05-08 01:15:02.017  INFO 12424 --- [    Test worker] o.h.e.t.j.p.i.JtaPlatformInitiator       : HHH000490: Using JtaPlatform implementation: [org.hibernate.engine.transaction.jta.platform.internal.NoJtaPlatform]
2022-05-08 01:15:02.032  INFO 12424 --- [    Test worker] j.LocalContainerEntityManagerFactoryBean : Initialized JPA EntityManagerFactory for persistence unit 'default'
2022-05-08 01:15:03.129  WARN 12424 --- [    Test worker] JpaBaseConfiguration$JpaWebConfiguration : spring.jpa.open-in-view is enabled by default. Therefore, database queries may be performed during view rendering. Explicitly configure spring.jpa.open-in-view to disable this warning
2022-05-08 01:15:06.175  INFO 12424 --- [    Test worker] o.s.s.web.DefaultSecurityFilterChain     : Will secure any request with [org.springframework.security.web.context.request.async.WebAsyncManagerIntegrationFilter@28d37d43, org.springframework.security.web.context.SecurityContextPersistenceFilter@28befd62, org.springframework.security.web.header.HeaderWriterFilter@4fc8163, org.springframework.web.filter.CorsFilter@2c02cf78, org.springframework.security.web.authentication.logout.LogoutFilter@11ad327f, me.m0dii.security.jwt.AuthTokenFilter@6fe77a97, org.springframework.security.web.savedrequest.RequestCacheAwareFilter@7e84af34, org.springframework.security.web.servletapi.SecurityContextHolderAwareRequestFilter@6b9fc5c7, org.springframework.security.web.authentication.AnonymousAuthenticationFilter@3e7fc07e, org.springframework.security.web.session.SessionManagementFilter@78141c58, org.springframework.security.web.access.ExceptionTranslationFilter@b859355, org.springframework.security.web.access.intercept.FilterSecurityInterceptor@34074149]
2022-05-08 01:15:07.245  INFO 12424 --- [    Test worker] o.s.b.t.m.w.SpringBootMockServletContext : Initializing Spring TestDispatcherServlet ''
2022-05-08 01:15:07.246  INFO 12424 --- [    Test worker] o.s.t.web.servlet.TestDispatcherServlet  : Initializing Servlet ''
2022-05-08 01:15:07.247  INFO 12424 --- [    Test worker] o.s.t.web.servlet.TestDispatcherServlet  : Completed initialization in 1 ms
2022-05-08 01:15:07.300  INFO 12424 --- [    Test worker] RestApiApplicationTests                  : Started RestApiApplicationTests in 10.681 seconds (JVM running for 12.486)
2022-05-08 01:15:07.612  INFO 12424 --- [    Test worker] me.m0dii.repository.LoadDatabase         : Preloading role: Role{id=1, name=ROLE_USER}
2022-05-08 01:15:07.617  INFO 12424 --- [    Test worker] me.m0dii.repository.LoadDatabase         : Preloading role: Role{id=2, name=ROLE_MOD}
2022-05-08 01:15:07.623  INFO 12424 --- [    Test worker] me.m0dii.repository.LoadDatabase         : Preloading role: Role{id=3, name=ROLE_ADMIN}
2022-05-08 01:15:07.846  INFO 12424 --- [    Test worker] me.m0dii.repository.LoadDatabase         : Preloading user:User{id=1, username='admin', email='admin@admin.com', password='$2a$10$JOE66VTSKnEnKZCdgSYQ2uH1Hp81Xl2tuwFBo4FuQKYyD3Sbu.ymi', roles=[Role{id=3, name=ROLE_ADMIN}, Role{id=1, name=ROLE_USER}]}
2022-05-08 01:15:07.923  INFO 12424 --- [    Test worker] me.m0dii.repository.LoadDatabase         : Preloading user:User{id=2, username='user', email='user@user.com', password='$2a$10$QSs.HnJfiqnd79ney.EwDeNUxDHnQkVJ5CKIc3plsUMYlBD2L85p6', roles=[Role{id=1, name=ROLE_USER}]}
2022-05-08 01:15:08.212 ERROR 12424 --- [    Test worker] me.m0dii.security.jwt.AuthEntryPointJwt  : Unauthorized error: Full authentication is required to access this resource
2022-05-08 01:15:08.392 ERROR 12424 --- [    Test worker] me.m0dii.security.jwt.AuthEntryPointJwt  : Unauthorized error: Full authentication is required to access this resource
]]></system-out>
  <system-err><![CDATA[]]></system-err>
</testsuite>
